<?xml version="1.0" encoding="UTF-8"?>
<!-- Generated by org.testng.reporters.JUnitReportReporter -->
<testsuite skipped="0" hostname="LAPTOP-N08BGS91" name="com.crm.qa.testcases.AccountTest" tests="2" failures="0" timestamp="2020-05-22T16:24:18 IST" time="89.795" errors="0">
  <testcase name="VerifyCreateNewAccountTest" time="25.139" classname="com.crm.qa.testcases.AccountTest"/>
  <system-out/>
  <testcase name="VerifyEditAddressInformationTest" time="64.656" classname="com.crm.qa.testcases.AccountTest"/>
  <system-out/>
</testsuite> <!-- com.crm.qa.testcases.AccountTest -->
