<?xml version="1.0" encoding="UTF-8"?>
<!-- Generated by org.testng.reporters.JUnitReportReporter -->
<testsuite skipped="0" hostname="LAPTOP-N08BGS91" name="com.crm.qa.testcases.CreateNewLeadTest" tests="2" failures="0" timestamp="2020-05-22T16:24:18 IST" time="123.145" errors="0">
  <testcase name="VerifyCreateNewLead" time="43.440" classname="com.crm.qa.testcases.CreateNewLeadTest"/>
  <system-out/>
  <testcase name="VerifyCreateNewLead" time="79.705" classname="com.crm.qa.testcases.CreateNewLeadTest"/>
  <system-out/>
</testsuite> <!-- com.crm.qa.testcases.CreateNewLeadTest -->
