<?xml version="1.0" encoding="UTF-8"?>
<!-- Generated by org.testng.reporters.JUnitReportReporter -->
<testsuite skipped="0" hostname="LAPTOP-N08BGS91" name="com.crm.qa.testcases.LoginToApplicationTest" tests="1" failures="0" timestamp="2020-05-22T16:24:18 IST" time="24.408" errors="0">
  <testcase name="ValidateSFLogo" time="24.408" classname="com.crm.qa.testcases.LoginToApplicationTest"/>
  <system-out/>
</testsuite> <!-- com.crm.qa.testcases.LoginToApplicationTest -->
